\BOOKMARK [0][-]{chapter.1}{Question\0401\040Part\0401:\040Building\040an\040Explicit\040Movie\040Recommendation\040System\040with\040Spark\040MLlib}{}% 1
\BOOKMARK [1][-]{section.1.1}{Import\040required\040libraries}{chapter.1}% 2
\BOOKMARK [1][-]{section.1.2}{Download/Unzip\040the\040MovieLens\0401M\040dataset\040from\040http://grouplens.org/datasets/movielens}{chapter.1}% 3
\BOOKMARK [1][-]{section.1.3}{Read\040and\040Convert\040ratings\040data\040to\040a\040DataFrame}{chapter.1}% 4
\BOOKMARK [1][-]{section.1.4}{Show\040the\040number\040of\040ratings\040in\040the\040dataset}{chapter.1}% 5
\BOOKMARK [1][-]{section.1.5}{Show\040a\040sample\040of\040the\040Ratings\040DataFrame}{chapter.1}% 6
\BOOKMARK [1][-]{section.1.6}{Show\040sample\040number\040of\040ratings\040per\040user}{chapter.1}% 7
\BOOKMARK [1][-]{section.1.7}{Show\040the\040number\040of\040users\040in\040the\040dataset}{chapter.1}% 8
\BOOKMARK [1][-]{section.1.8}{Split\040Ratings\040data\040into\040Training\040\(80\045\)\040and\040Test\040\(20\045\)\040datasets}{chapter.1}% 9
\BOOKMARK [1][-]{section.1.9}{Show\040resulting\040Ratings\040dataset\040counts}{chapter.1}% 10
\BOOKMARK [1][-]{section.1.10}{Build\040the\040recommendation\040model\040on\040the\040training\040data\040using\040ALS-explicit}{chapter.1}% 11
\BOOKMARK [1][-]{section.1.11}{Run\040the\040model\040against\040the\040Test\040data\040and\040show\040a\040sample\040of\040the\040predictions}{chapter.1}% 12
\BOOKMARK [1][-]{section.1.12}{Evaluate\040the\040model\040by\040computing\040the\040RMSE\040on\040the\040test\040data}{chapter.1}% 13
\BOOKMARK [1][-]{section.1.13}{Show\040that\040a\040smaller\040value\040of\040rmse\040is\040better}{chapter.1}% 14
\BOOKMARK [1][-]{section.1.14}{Make\040movie\040recommendations}{chapter.1}% 15
\BOOKMARK [1][-]{section.1.15}{Show\040sample\040recommendations\040per\040user}{chapter.1}% 16
\BOOKMARK [1][-]{section.1.16}{Show\040sample\040recommendations\040per\040user}{chapter.1}% 17
\BOOKMARK [0][-]{chapter.2}{Question\0401\040Part\0402:\040Building\040an\040Implicit\040Music\040Recommendation\040System\040with\040Spark\040MLlib}{}% 18
\BOOKMARK [1][-]{section.2.1}{Import\040required\040libraries}{chapter.2}% 19
\BOOKMARK [1][-]{section.2.2}{Download/Unzip\040Audioscrobbler\040dataset\040from\040http://www.iro.umontreal.ca/~lisa/datasets/profiledata_06-May-2005.tar.gz}{chapter.2}% 20
\BOOKMARK [1][-]{section.2.3}{Read\040and\040Convert\040ratings\040data\040to\040a\040DataFrame}{chapter.2}% 21
\BOOKMARK [1][-]{section.2.4}{Show\040the\040number\040of\040userArtist\040in\040the\040dataset}{chapter.2}% 22
\BOOKMARK [1][-]{section.2.5}{Show\040a\040sample\040of\040the\040userArtist\040DataFrame}{chapter.2}% 23
\BOOKMARK [1][-]{section.2.6}{Split\040userArtist\040data\040into\040Training\040\(80\045\)\040and\040Test\040\(20\045\)\040datasets}{chapter.2}% 24
\BOOKMARK [1][-]{section.2.7}{Show\040resulting\040userArtist\040dataset\040counts}{chapter.2}% 25
\BOOKMARK [1][-]{section.2.8}{Build\040the\040recommendation\040model\040on\040the\040training\040data\040using\040ALS-implicit}{chapter.2}% 26
\BOOKMARK [1][-]{section.2.9}{Save\040and\040load\040model}{chapter.2}% 27
\BOOKMARK [1][-]{section.2.10}{Run\040the\040model\040against\040the\040Test\040data\040and\040show\040a\040sample\040of\040the\040predictions}{chapter.2}% 28
\BOOKMARK [1][-]{section.2.11}{Show\040recommendations\040high\040and\040low}{chapter.2}% 29
\BOOKMARK [0][-]{chapter.3}{Question\0402\040Part\0401:\040Clustering\040on\040News\040Articles}{}% 30
\BOOKMARK [1][-]{section.3.1}{Download\040news\040articles\040from:\040https://www.kaggle.com/asad1m9a9h6mood/news-articles}{chapter.3}% 31
\BOOKMARK [2][-]{subsection.3.1.1}{This\040Dataset\040is\040scraped\040from\040https://www.thenews.com.pk\040website.\040It\040has\040news\040articles\040from\0402015\040till\040date\040related\040to\040business\040and\040sports.\040It\040Contains\040the\040Heading\040of\040the\040particular\040Article,\040Its\040content\040and\040its\040date.\040The\040content\040also\040contains\040the\040place\040from\040where\040the\040statement\040or\040Article\040was\040published.}{section.3.1}% 32
\BOOKMARK [1][-]{section.3.2}{Import\040required\040libraries}{chapter.3}% 33
\BOOKMARK [1][-]{section.3.3}{Explore\040the\040dataset\040in\040Pandas}{chapter.3}% 34
\BOOKMARK [1][-]{section.3.4}{Split\040data\040into\040Training\040\(80\045\)\040and\040Test\040\(20\045\)\040datasets}{chapter.3}% 35
\BOOKMARK [1][-]{section.3.5}{Configure\040an\040ML\040pipeline}{chapter.3}% 36
\BOOKMARK [1][-]{section.3.6}{Clustering\040by\040K-MEANS}{chapter.3}% 37
\BOOKMARK [1][-]{section.3.7}{Make\040predictions\040on\040test\040and\040print\040interested\040columns\040of\040different\040clusters}{chapter.3}% 38
\BOOKMARK [0][-]{chapter.4}{Question\0402\040Part\0402:\040Clustering\040on\040Wikipedia\040articles}{}% 39
\BOOKMARK [1][-]{section.4.1}{Import\040required\040libraries}{chapter.4}% 40
\BOOKMARK [1][-]{section.4.2}{Download/Unzip\040https://dumps.wikimedia.org/enwiki/20170920/enwiki-20170920-pages-articles14.xml-p7697599p7744799.bz2}{chapter.4}% 41
\BOOKMARK [1][-]{section.4.3}{Parse\040xml\040to\040json\040using\040WikiExtractorw\040\(https://github.com/attardi/wikiextractor\)}{chapter.4}% 42
\BOOKMARK [1][-]{section.4.4}{Explore\040the\040dataset\040in\040Pandas}{chapter.4}% 43
\BOOKMARK [1][-]{section.4.5}{Split\040data\040into\040Training\040\(80\045\)\040and\040Test\040\(20\045\)\040datasets}{chapter.4}% 44
\BOOKMARK [1][-]{section.4.6}{Configure\040an\040ML\040pipeline}{chapter.4}% 45
\BOOKMARK [1][-]{section.4.7}{Clustering\040by\040K-MEANS}{chapter.4}% 46
\BOOKMARK [1][-]{section.4.8}{Make\040predictions\040on\040test\040and\040print\040interested\040columns\040of\040different\040clusters}{chapter.4}% 47
\BOOKMARK [0][-]{chapter.5}{Question\0403\040Part\0401:\040Fist\040Dataset\040with\040Logistic\040Regression\040and\040NaiveBayes\040classification}{}% 48
\BOOKMARK [1][-]{section.5.1}{Import\040required\040labraries}{chapter.5}% 49
\BOOKMARK [1][-]{section.5.2}{Read\040and\040Vectorize\040the\040raw\040data}{chapter.5}% 50
\BOOKMARK [1][-]{section.5.3}{Split\040data\040into\040Training\040\(80\045\)\040and\040Test\040\(20\045\)\040datasets}{chapter.5}% 51
\BOOKMARK [1][-]{section.5.4}{Train\040Logistic\040Regression\040and\040Naive\040Bayes\040models}{chapter.5}% 52
\BOOKMARK [1][-]{section.5.5}{Display\040the\040predictions}{chapter.5}% 53
\BOOKMARK [1][-]{section.5.6}{Evalue\040the\040modles\040with\040AUC\040and\040overall\040Accuracy}{chapter.5}% 54
\BOOKMARK [1][-]{section.5.7}{A\040simple\040comparison\040on\040the\040two\040modles's\040performance}{chapter.5}% 55
\BOOKMARK [2][-]{subsection.5.7.1}{Overall\040Accuracy:}{section.5.7}% 56
\BOOKMARK [2][-]{subsection.5.7.2}{Area\040under\040ROC\040curve\040\(AUC\):}{section.5.7}% 57
\BOOKMARK [2][-]{subsection.5.7.3}{In\040summary,\040on\040the\040selected\040training/test\040set,\040Naive\040Bayes\040classifier\040has\040the\040better\040result.\040However,\040the\040Logistic\040Regression\040classifier\040may\040be\040more\040stable\040on\040other\040datasets.}{section.5.7}% 58
\BOOKMARK [0][-]{chapter.6}{Question\0403\040Part\0402:\040Second\040Dataset\040with\040Logistic\040Regression\040and\040NaiveBayes\040classification}{}% 59
\BOOKMARK [1][-]{section.6.1}{Import\040required\040labraries}{chapter.6}% 60
\BOOKMARK [1][-]{section.6.2}{Read\040and\040Vectorize\040the\040raw\040data}{chapter.6}% 61
\BOOKMARK [1][-]{section.6.3}{Split\040data\040into\040Training\040\(80\045\)\040and\040Test\040\(20\045\)\040datasets}{chapter.6}% 62
\BOOKMARK [1][-]{section.6.4}{Train\040Logistic\040Regression\040and\040Naive\040Bayes\040models}{chapter.6}% 63
\BOOKMARK [1][-]{section.6.5}{Display\040the\040predictions}{chapter.6}% 64
\BOOKMARK [1][-]{section.6.6}{Evalue\040the\040modles\040with\040AUC\040and\040overall\040Accuracy}{chapter.6}% 65
\BOOKMARK [1][-]{section.6.7}{A\040simple\040comparison\040on\040the\040two\040modles's\040performance}{chapter.6}% 66
\BOOKMARK [2][-]{subsection.6.7.1}{Overall\040Accuracy:}{section.6.7}% 67
\BOOKMARK [2][-]{subsection.6.7.2}{Area\040under\040ROC\040curve\040\(AUC\):}{section.6.7}% 68
\BOOKMARK [2][-]{subsection.6.7.3}{In\040summary,\040the\040Logistic\040Regression\040classifier\040has\040much\040better\040performance\040over\040the\040Naive\040Bayes,\040whatever\040on\040this\040perticular\040training/test\040set\040or\040potential\040future\040test\040datasets.}{section.6.7}% 69
\BOOKMARK [0][-]{chapter.7}{Question\0403\040Part\0403:\040Wikipedia\040Dataset\040with\040Logistic\040Regression\040and\040NaiveBayes\040classification}{}% 70
\BOOKMARK [1][-]{section.7.1}{Import\040required\040labraries}{chapter.7}% 71
\BOOKMARK [1][-]{section.7.2}{Read\040the\040raw\040data\040and\040assigne\040lables\040with\040clustering\040results\040by\040K-MEANS}{chapter.7}% 72
\BOOKMARK [1][-]{section.7.3}{Cast\040assigned\040lables\040to\040double\040and\040store\040to\040DataFrame}{chapter.7}% 73
\BOOKMARK [1][-]{section.7.4}{Split\040data\040into\040Training\040\(80\045\)\040and\040Test\040\(20\045\)\040datasets}{chapter.7}% 74
\BOOKMARK [1][-]{section.7.5}{Config\040the\040pipeines\040for\040Logistic\040Regression\040and\040Naive\040Bayes}{chapter.7}% 75
\BOOKMARK [1][-]{section.7.6}{Train\040Logistic\040Regression\040and\040Naive\040Bayes\040models}{chapter.7}% 76
\BOOKMARK [1][-]{section.7.7}{Display\040predictions\040on\040the\040test\040data}{chapter.7}% 77
\BOOKMARK [1][-]{section.7.8}{Evaluate\040the\040models\040with\040Area\040under\040ROC\040curve\040\(AUC\)\040and\040overall\040Accuracy}{chapter.7}% 78
\BOOKMARK [1][-]{section.7.9}{A\040simple\040comparison\040on\040the\040two\040modles's\040performance}{chapter.7}% 79
\BOOKMARK [2][-]{subsection.7.9.1}{Overall\040Accuracy:}{section.7.9}% 80
\BOOKMARK [2][-]{subsection.7.9.2}{Area\040under\040ROC\040curve\040\(AUC\):}{section.7.9}% 81
\BOOKMARK [2][-]{subsection.7.9.3}{In\040summary,\040the\040Logistic\040Regression\040classifier\040has\040much\040better\040performance\040over\040the\040Naive\040Bayes,\040whatever\040on\040this\040perticular\040training/test\040set\040or\040potential\040future\040test\040datasets.}{section.7.9}% 82
\BOOKMARK [2][-]{subsection.7.9.4}{In\040our\040raw\040data\040showed\040at\040the\040beginning,\040one\040class\040had\040much\040more\040data\040points\040\(4423\)\040than\040the\040other\040class\040\(154\).\040This\040bias\040significantly\040affected\040Naive\040Bayes\040classifier\040--\040it\040had\040very\040hight\040error\040costs\040\(false\040positive\040and\040false\040negative\040cost\),\040but\040not\040the\040Logistic\040Regression\040classifier.\040So\040in\040our\040experiment,\040at\040least\040we\040can\040conclude\040that\040under\040this\040kind\040of\040bias,\040we\040should\040avoid\040using\040Naive\040Bayes\040classifier.}{section.7.9}% 83
